{"level":"info","time":"2021-10-31T00:11:00.256+0800","msg":"init mysql","uuid":1635610260}
{"level":"info","time":"2021-10-31T00:11:00.256+0800","msg":"email init","uuid":1635610260}
{"level":"info","time":"2021-10-31T00:11:00.257+0800","msg":"0","uuid":1635610260}
{"level":"info","time":"2021-10-31T00:12:11.719+0800","msg":"init mysql","uuid":1635610331}
{"level":"info","time":"2021-10-31T00:12:11.720+0800","msg":"email init","uuid":1635610331}
{"level":"info","time":"2021-10-31T00:12:11.720+0800","msg":"0","uuid":1635610331}
{"level":"info","time":"2021-10-31T00:13:26.120+0800","msg":"init mysql","uuid":1635610406}
{"level":"info","time":"2021-10-31T00:13:26.120+0800","msg":"email init","uuid":1635610406}
{"level":"info","time":"2021-10-31T00:13:26.120+0800","msg":"sendTo:0","uuid":1635610406}
{"level":"info","time":"2021-10-31T00:14:57.236+0800","msg":"init mysql","uuid":1635610497}
{"level":"info","time":"2021-10-31T00:14:57.237+0800","msg":"email init","uuid":1635610497}
{"level":"info","time":"2021-10-31T00:14:57.237+0800","msg":"sendTo:0","uuid":1635610497}
{"level":"info","time":"2021-10-31T00:15:23.195+0800","msg":"init mysql","uuid":1635610523}
{"level":"info","time":"2021-10-31T00:15:23.196+0800","msg":"email init","uuid":1635610523}
{"level":"info","time":"2021-10-31T00:15:23.196+0800","msg":"sendTo:0","uuid":1635610523}
{"level":"info","time":"2021-10-31T00:16:30.190+0800","msg":"init mysql","uuid":1635610590}
{"level":"info","time":"2021-10-31T00:16:30.191+0800","msg":"email init","uuid":1635610590}
{"level":"info","time":"2021-10-31T00:16:30.191+0800","msg":"sendTo:1509779049@qq.com","uuid":1635610590}
{"level":"info","time":"2021-10-31T00:17:34.972+0800","msg":"init mysql","uuid":1635610654}
{"level":"info","time":"2021-10-31T00:17:34.973+0800","msg":"email init","uuid":1635610654}
{"level":"info","time":"2021-10-31T00:18:19.037+0800","msg":"init mysql","uuid":1635610698}
{"level":"info","time":"2021-10-31T00:18:19.037+0800","msg":"email init","uuid":1635610698}
{"level":"info","time":"2021-10-31T00:18:21.005+0800","msg":"sendTo:1509779049@qq.com","uuid":1635610698}
{"level":"info","time":"2021-10-31T00:18:31.005+0800","msg":"sendTo:1509779049@qq.com","uuid":1635610698}
{"level":"info","time":"2021-10-31T00:18:41.001+0800","msg":"sendTo:1509779049@qq.com","uuid":1635610698}
{"level":"info","time":"2021-10-31T00:19:00.062+0800","msg":"init mysql","uuid":1635610740}
{"level":"info","time":"2021-10-31T00:19:00.063+0800","msg":"email init","uuid":1635610740}
{"level":"info","time":"2021-10-31T00:19:01.005+0800","msg":"sendTo:1509779049@qq.com","uuid":1635610740}
{"level":"info","time":"2021-10-31T00:19:11.001+0800","msg":"sendTo:1509779049@qq.com","uuid":1635610740}
{"level":"info","time":"2021-10-31T00:19:21.000+0800","msg":"sendTo:1509779049@qq.com","uuid":1635610740}
{"level":"info","time":"2021-10-31T00:23:01.918+0800","msg":"init mysql","uuid":1635610981}
{"level":"info","time":"2021-10-31T00:23:01.918+0800","msg":"email init","uuid":1635610981}
{"level":"info","time":"2021-10-31T00:23:25.364+0800","msg":"init mysql","uuid":1635611005}
{"level":"info","time":"2021-10-31T00:23:25.364+0800","msg":"email init","uuid":1635611005}
{"level":"info","time":"2021-10-31T00:23:31.005+0800","msg":"sendTo:1509779049@qq.com","uuid":1635611005}
{"level":"info","time":"2021-10-31T00:23:41.005+0800","msg":"sendTo:1509779049@qq.com","uuid":1635611005}
{"level":"info","time":"2021-10-31T00:23:51.005+0800","msg":"sendTo:1509779049@qq.com","uuid":1635611005}
{"level":"info","time":"2021-10-31T00:24:01.005+0800","msg":"sendTo:1509779049@qq.com","uuid":1635611005}
{"level":"info","time":"2021-10-31T00:24:11.005+0800","msg":"sendTo:1509779049@qq.com","uuid":1635611005}
{"level":"info","time":"2021-10-31T00:24:21.002+0800","msg":"sendTo:1509779049@qq.com","uuid":1635611005}
{"level":"info","time":"2021-10-31T00:24:31.004+0800","msg":"sendTo:1509779049@qq.com","uuid":1635611005}
{"level":"info","time":"2021-10-31T00:25:39.844+0800","msg":"init mysql","uuid":1635611139}
{"level":"info","time":"2021-10-31T00:25:39.845+0800","msg":"email init","uuid":1635611139}
{"level":"info","time":"2021-10-31T00:25:41.005+0800","msg":"sendTo:1509779049@qq.com","uuid":1635611139}
{"level":"info","time":"2021-10-31T00:25:51.000+0800","msg":"sendTo:1509779049@qq.com","uuid":1635611139}
